<?xml version="1.0" encoding="UTF-8"?>
<testsuite xmlns:xsi="http://www.w3.org/2001/XMLSchema-instance" xsi:noNamespaceSchemaLocation="https://maven.apache.org/surefire/maven-surefire-plugin/xsd/surefire-test-report.xsd" version="3.0.2" name="com.example.GestionPedido.GestionPedidoApplicationTests" time="7.173" tests="1" errors="0" skipped="0" failures="0">
  <properties>
[...]
</properties>
  <testcase name="contextLoads" classname="com.example.GestionPedido.GestionPedidoApplicationTests" time="0.491">
    <system-out><![CDATA[23:25:43.624 [main] INFO org.springframework.test.context.support.AnnotationConfigContextLoaderUtils -- Could not detect default configuration classes for test class [com.example.GestionPedido.GestionPedidoApplicationTests]: GestionPedidoApplicationTests does not declare any static, non-private, non-final, nested classes annotated with @Configuration.
23:25:43.738 [main] INFO org.springframework.boot.test.context.SpringBootTestContextBootstrapper -- Found @SpringBootConfiguration com.example.GestionPedido.GestionPedidoApplication for test class com.example.GestionPedido.GestionPedidoApplicationTests

  .   ____          _            __ _ _
 /\\ / ___'_ __ _ _(_)_ __  __ _ \ \ \ \
( ( )\___ | '_ | '_| | '_ \/ _` | \ \ \ \
 \\/  ___)| |_)| | | | | || (_| |  ) ) ) )
  '  |____| .__|_| |_|_| |_\__, | / / / /
 =========|_|==============|___/=/_/_/_/

 :: Spring Boot ::                (v3.5.0)

2025-05-26T23:25:44.229-04:00  INFO 14692 --- [GestionPedido] [           main] c.e.G.GestionPedidoApplicationTests      : Starting GestionPedidoApplicationTests using Java 21.0.7 with PID 14692 (started by byron in C:\Users\byron\OneDrive\Documents\GitHub\AgroTech\MicroServicios-GestionPedido\GestionPedido)
2025-05-26T23:25:44.231-04:00  INFO 14692 --- [GestionPedido] [           main] c.e.G.GestionPedidoApplicationTests      : No active profile set, falling back to 1 default profile: "default"
2025-05-26T23:25:45.459-04:00  INFO 14692 --- [GestionPedido] [           main] .s.d.r.c.RepositoryConfigurationDelegate : Bootstrapping Spring Data JPA repositories in DEFAULT mode.
2025-05-26T23:25:45.633-04:00  INFO 14692 --- [GestionPedido] [           main] .s.d.r.c.RepositoryConfigurationDelegate : Finished Spring Data repository scanning in 162 ms. Found 1 JPA repository interface.
2025-05-26T23:25:46.289-04:00  INFO 14692 --- [GestionPedido] [           main] o.hibernate.jpa.internal.util.LogHelper  : HHH000204: Processing PersistenceUnitInfo [name: default]
2025-05-26T23:25:46.366-04:00  INFO 14692 --- [GestionPedido] [           main] org.hibernate.Version                    : HHH000412: Hibernate ORM core version 6.6.15.Final
2025-05-26T23:25:46.409-04:00  INFO 14692 --- [GestionPedido] [           main] o.h.c.internal.RegionFactoryInitiator    : HHH000026: Second-level cache disabled
2025-05-26T23:25:46.809-04:00  INFO 14692 --- [GestionPedido] [           main] o.s.o.j.p.SpringPersistenceUnitInfo      : No LoadTimeWeaver setup: ignoring JPA class transformer
2025-05-26T23:25:46.841-04:00  INFO 14692 --- [GestionPedido] [           main] com.zaxxer.hikari.HikariDataSource       : HikariPool-1 - Starting...
2025-05-26T23:25:47.198-04:00  INFO 14692 --- [GestionPedido] [           main] com.zaxxer.hikari.pool.HikariPool        : HikariPool-1 - Added connection com.mysql.cj.jdbc.ConnectionImpl@35260785
2025-05-26T23:25:47.200-04:00  INFO 14692 --- [GestionPedido] [           main] com.zaxxer.hikari.HikariDataSource       : HikariPool-1 - Start completed.
2025-05-26T23:25:47.250-04:00  WARN 14692 --- [GestionPedido] [           main] org.hibernate.orm.deprecation            : HHH90000025: MySQL8Dialect does not need to be specified explicitly using 'hibernate.dialect' (remove the property setting and it will be selected by default)
2025-05-26T23:25:47.251-04:00  WARN 14692 --- [GestionPedido] [           main] org.hibernate.orm.deprecation            : HHH90000026: MySQL8Dialect has been deprecated; use org.hibernate.dialect.MySQLDialect instead
2025-05-26T23:25:47.270-04:00  INFO 14692 --- [GestionPedido] [           main] org.hibernate.orm.connections.pooling    : HHH10001005: Database info:
	Database JDBC URL [Connecting through datasource 'HikariDataSource (HikariPool-1)']
	Database driver: undefined/unknown
	Database version: 8.0
	Autocommit mode: undefined/unknown
	Isolation level: undefined/unknown
	Minimum pool size: undefined/unknown
	Maximum pool size: undefined/unknown
2025-05-26T23:25:48.099-04:00  INFO 14692 --- [GestionPedido] [           main] o.h.e.t.j.p.i.JtaPlatformInitiator       : HHH000489: No JTA platform available (set 'hibernate.transaction.jta.platform' to enable JTA platform integration)
2025-05-26T23:25:48.163-04:00  INFO 14692 --- [GestionPedido] [           main] j.LocalContainerEntityManagerFactoryBean : Initialized JPA EntityManagerFactory for persistence unit 'default'
2025-05-26T23:25:49.088-04:00  WARN 14692 --- [GestionPedido] [           main] JpaBaseConfiguration$JpaWebConfiguration : spring.jpa.open-in-view is enabled by default. Therefore, database queries may be performed during view rendering. Explicitly configure spring.jpa.open-in-view to disable this warning
2025-05-26T23:25:49.414-04:00  INFO 14692 --- [GestionPedido] [           main] o.s.b.a.e.web.EndpointLinksResolver      : Exposing 1 endpoint beneath base path '/actuator'
2025-05-26T23:25:49.450-04:00  WARN 14692 --- [GestionPedido] [           main] .s.s.UserDetailsServiceAutoConfiguration : 

Using generated security password: e378465c-56ed-4744-8d20-60d7767d381f

This generated password is for development use only. Your security configuration must be updated before running your application in production.

2025-05-26T23:25:49.461-04:00  INFO 14692 --- [GestionPedido] [           main] r$InitializeUserDetailsManagerConfigurer : Global AuthenticationManager configured with UserDetailsService bean with name inMemoryUserDetailsManager
2025-05-26T23:25:50.037-04:00  INFO 14692 --- [GestionPedido] [           main] c.e.G.GestionPedidoApplicationTests      : Started GestionPedidoApplicationTests in 6.143 seconds (process running for 7.27)
]]></system-out>
    <system-err><![CDATA[Mockito is currently self-attaching to enable the inline-mock-maker. This will no longer work in future releases of the JDK. Please add Mockito as an agent to your build as described in Mockito's documentation: https://javadoc.io/doc/org.mockito/mockito-core/latest/org.mockito/org/mockito/Mockito.html#0.3
WARNING: A Java agent has been loaded dynamically (C:\Users\byron\.m2\repository\net\bytebuddy\byte-buddy-agent\1.17.5\byte-buddy-agent-1.17.5.jar)
WARNING: If a serviceability tool is in use, please run with -XX:+EnableDynamicAgentLoading to hide this warning
WARNING: If a serviceability tool is not in use, please run with -Djdk.instrument.traceUsage for more information
WARNING: Dynamic loading of agents will be disallowed by default in a future release
]]></system-err>
  </testcase>
</testsuite>